<?xml version="1.0" encoding="UTF-8"?>
<!-- Generated by org.testng.reporters.JUnitReportReporter -->
<testsuite skipped="0" hostname="UL-LPT-373.local" name="scripts.JavascriptExecutorDemo" tests="1" failures="0" timestamp="09 Jun 2018 04:15:04 GMT" time="8.271" errors="0">
  <testcase name="executeJavaScript" time="8.271" classname="scripts.JavascriptExecutorDemo"/>
</testsuite> <!-- scripts.JavascriptExecutorDemo -->
