<?xml version="1.0" encoding="UTF-8"?>
<!-- Generated by org.testng.reporters.JUnitReportReporter -->
<testsuite skipped="0" hostname="UL-LPT-373.local" name="scripts.TestValidLogin" tests="1" failures="0" timestamp="09 Jun 2018 03:22:11 GMT" time="33.928" errors="0">
  <testcase name="testValidLogin" time="33.928" classname="scripts.TestValidLogin"/>
</testsuite> <!-- scripts.TestValidLogin -->
