<?xml version="1.0" encoding="UTF-8"?>
<!-- Generated by org.testng.reporters.JUnitReportReporter -->
<testsuite skipped="0" hostname="UL-LPT-373.local" name="com.testNG.testpackage.DataParameterisationUsingSuiteFile" tests="1" failures="0" timestamp="26 May 2018 05:58:04 GMT" time="0.014" errors="0">
  <testcase name="testParameter" time="0.014" classname="com.testNG.testpackage.DataParameterisationUsingSuiteFile"/>
</testsuite> <!-- com.testNG.testpackage.DataParameterisationUsingSuiteFile -->
