<?xml version="1.0" encoding="UTF-8"?>
<!-- Generated by org.testng.reporters.JUnitReportReporter -->
<testsuite skipped="0" hostname="UL-LPT-373.local" name="com.testNG.testpackage.DataProviderDemo" tests="2" failures="0" timestamp="26 May 2018 03:57:09 GMT" time="0.017" errors="0">
  <testcase name="UtiliseData" time="0.012" classname="com.testNG.testpackage.DataProviderDemo"/>
  <testcase name="UtiliseData" time="0.005" classname="com.testNG.testpackage.DataProviderDemo"/>
</testsuite> <!-- com.testNG.testpackage.DataProviderDemo -->
