<?xml version="1.0" encoding="UTF-8"?>
<!-- Generated by org.testng.reporters.JUnitReportReporter -->
<testsuite skipped="0" hostname="UL-LPT-373.local" name="com.testNG.testpackage.PrintA" tests="1" failures="0" timestamp="26 May 2018 05:59:38 GMT" time="0.013" errors="0">
  <testcase name="printA" time="0.013" classname="com.testNG.testpackage.PrintA"/>
</testsuite> <!-- com.testNG.testpackage.PrintA -->
