<?xml version="1.0" encoding="UTF-8"?>
<!-- Generated by org.testng.reporters.JUnitReportReporter -->
<testsuite skipped="0" hostname="UL-LPT-373.local" name="com.testNG.testpackage.BaseTestNGClass" tests="1" failures="0" timestamp="20 May 2018 05:52:02 GMT" time="0.009" errors="0">
  <testcase name="runTest" time="0.009" classname="com.testNG.testpackage.BaseTestNGClass"/>
</testsuite> <!-- com.testNG.testpackage.BaseTestNGClass -->
