<?xml version="1.0" encoding="UTF-8"?>
<!-- Generated by org.testng.reporters.JUnitReportReporter -->
<testsuite skipped="0" hostname="UL-LPT-373.local" name="com.testNG.testpackage.TestLogin" tests="1" failures="0" timestamp="02 Jun 2018 07:32:17 GMT" time="16.013" errors="0">
  <testcase name="lestLogin" time="16.013" classname="com.testNG.testpackage.TestLogin"/>
</testsuite> <!-- com.testNG.testpackage.TestLogin -->
