<?xml version="1.0" encoding="UTF-8"?>
<!-- Generated by org.testng.reporters.JUnitReportReporter -->
<testsuite skipped="0" hostname="UL-LPT-373.local" name="com.testNG.testpackage.DemoA" tests="6" failures="0" timestamp="21 May 2018 04:50:11 GMT" time="0.020" errors="0">
  <testcase name="deleteUser" time="0.002" classname="com.testNG.testpackage.DemoA"/>
  <testcase name="editUser" time="0.002" classname="com.testNG.testpackage.DemoA"/>
  <testcase name="deleteProduct" time="0.001" classname="com.testNG.testpackage.DemoA"/>
  <testcase name="createProduct" time="0.011" classname="com.testNG.testpackage.DemoA"/>
  <testcase name="createUser" time="0.002" classname="com.testNG.testpackage.DemoA"/>
  <testcase name="editProduct" time="0.002" classname="com.testNG.testpackage.DemoA"/>
</testsuite> <!-- com.testNG.testpackage.DemoA -->
