<?xml version="1.0" encoding="UTF-8"?>
<!-- Generated by org.testng.reporters.JUnitReportReporter -->
<testsuite skipped="0" hostname="UL-LPT-373.local" name="com.testNG.testpackage.AllAnnotations" tests="1" failures="0" timestamp="20 May 2018 04:42:55 GMT" time="0.007" errors="0">
  <testcase name="f" time="0.007" classname="com.testNG.testpackage.AllAnnotations"/>
</testsuite> <!-- com.testNG.testpackage.AllAnnotations -->
