<?xml version="1.0" encoding="UTF-8"?>
<!-- Generated by org.testng.reporters.JUnitReportReporter -->
<testsuite skipped="0" hostname="UL-LPT-373.local" name="com.testNG.testpackage.ExcelDemo" tests="1" failures="0" timestamp="26 May 2018 05:17:37 GMT" time="0.710" errors="0">
  <testcase name="takeDataFromExcelFile" time="0.710" classname="com.testNG.testpackage.ExcelDemo"/>
</testsuite> <!-- com.testNG.testpackage.ExcelDemo -->
