<?xml version="1.0" encoding="UTF-8"?>
<!-- Generated by org.testng.reporters.JUnitReportReporter -->
<testsuite skipped="0" hostname="UL-LPT-373.local" name="com.testNG.testpackage.TestNGDemo" tests="1" failures="0" timestamp="20 May 2018 05:19:26 GMT" time="0.010" errors="0">
  <testcase name="createUser" time="0.010" classname="com.testNG.testpackage.TestNGDemo"/>
</testsuite> <!-- com.testNG.testpackage.TestNGDemo -->
