<?xml version="1.0" encoding="UTF-8"?>
<!-- Generated by org.testng.reporters.JUnitReportReporter -->
<testsuite skipped="0" hostname="UL-LPT-373.local" name="com.testNG.testpackage.PrintB" tests="1" failures="0" timestamp="20 May 2018 05:19:26 GMT" time="0.001" errors="0">
  <testcase name="printB" time="0.001" classname="com.testNG.testpackage.PrintB"/>
</testsuite> <!-- com.testNG.testpackage.PrintB -->
