<?xml version="1.0" encoding="UTF-8"?>
<!-- Generated by org.testng.reporters.JUnitReportReporter -->
<testsuite hostname="Prasanna.local" name="com.headout.test.SelectSeatTest" tests="1" failures="0" timestamp="1 Apr 2019 17:17:18 GMT" time="2.434" errors="0">
  <testcase name="selectSeat" time="2.434" classname="com.headout.test.SelectSeatTest"/>
</testsuite> <!-- com.headout.test.SelectSeatTest -->
