<?xml version="1.0" encoding="UTF-8"?>
<!-- Generated by org.testng.reporters.JUnitReportReporter -->
<testsuite hostname="Prasanna.local" name="com.headout.test.SelectDateTest" tests="1" failures="0" timestamp="1 Apr 2019 17:17:18 GMT" time="2.963" errors="0">
  <testcase name="selectDate" time="2.963" classname="com.headout.test.SelectDateTest"/>
</testsuite> <!-- com.headout.test.SelectDateTest -->
