<?xml version="1.0" encoding="UTF-8"?>
<!-- Generated by org.testng.reporters.JUnitReportReporter -->
<testsuite hostname="Prasanna.local" name="com.headout.base.Base" tests="1" failures="0" timestamp="1 Apr 2019 13:58:34 GMT" time="0.006" errors="0">
  <testcase name="dummyOne" time="0.006" classname="com.headout.base.Base"/>
</testsuite> <!-- com.headout.base.Base -->
