<?xml version="1.0" encoding="UTF-8"?>
<!-- Generated by org.testng.reporters.JUnitReportReporter -->
<testsuite hostname="Kaminis-MAC.urbanladder.com" name="com.headout.test.SelectDateTest" tests="1" failures="0" timestamp="5 Apr 2019 05:32:24 GMT" time="0.494" errors="0">
  <testcase name="selectDate" time="0.494" classname="com.headout.test.SelectDateTest"/>
</testsuite> <!-- com.headout.test.SelectDateTest -->
