<?xml version="1.0" encoding="UTF-8"?>
<!-- Generated by org.testng.reporters.JUnitReportReporter -->
<testsuite hostname="Kaminis-MAC.urbanladder.com" name="com.headout.test.HomePageTest" tests="2" failures="0" timestamp="5 Apr 2019 05:32:25 GMT" time="2.061" errors="0">
  <testcase name="selectMovie" time="0.392" classname="com.headout.test.HomePageTest"/>
  <testcase name="searchMovie" time="1.669" classname="com.headout.test.HomePageTest"/>
</testsuite> <!-- com.headout.test.HomePageTest -->
