<?xml version="1.0" encoding="UTF-8"?>
<!-- Generated by org.testng.reporters.JUnitReportReporter -->
<testsuite hostname="Prasanna.local" name="com.headout.test.HomePageTest" tests="2" failures="0" timestamp="1 Apr 2019 17:17:18 GMT" time="1.369" errors="0">
  <testcase name="searchMovie" time="1.086" classname="com.headout.test.HomePageTest"/>
  <testcase name="selectMovie" time="0.283" classname="com.headout.test.HomePageTest"/>
</testsuite> <!-- com.headout.test.HomePageTest -->
