<?xml version="1.0" encoding="UTF-8"?>
<!-- Generated by org.testng.reporters.JUnitReportReporter -->
<testsuite hostname="Prasanna.local" name="com.headout.test.CheckoutTest" tests="1" failures="0" timestamp="1 Apr 2019 17:17:18 GMT" time="4.562" errors="0">
  <testcase name="checkoutDetails" time="4.562" classname="com.headout.test.CheckoutTest"/>
</testsuite> <!-- com.headout.test.CheckoutTest -->
